<?xml version="1.0" encoding="UTF-8"?>
<!-- Generated by org.testng.reporters.JUnitXMLReporter -->
<testsuite ignored="2" hostname="DESKTOP-D7T8H25" failures="0" tests="1" name="Default test" time="55.174" errors="0" timestamp="2025-08-01T15:18:47 IST">
  <testcase classname="ContactsModule.ContactScenariosTest" name="Create_Orgwith_Cont" time="45.445"/>
  <testcase classname="ContactsModule.ContactScenariosTest" name="CreateNewContTest" time="0.0">
    <ignored/>
  </testcase> <!-- CreateNewContTest -->
  <testcase classname="ContactsModule.ContactScenariosTest" name="ContactWithSupportDate" time="0.0">
    <ignored/>
  </testcase> <!-- ContactWithSupportDate -->
</testsuite> <!-- Default test -->
