<?xml version="1.0" encoding="UTF-8"?>
<!-- Generated by org.testng.reporters.JUnitXMLReporter -->
<testsuite ignored="0" hostname="DESKTOP-D7T8H25" failures="0" tests="3" name="Default test" time="99.767" errors="0" timestamp="2025-08-01T18:03:04 IST">
  <testcase classname="OrganizationModule.OrgScenariosTest" name="CreateOrg_IndTypeTest" time="23.561"/>
  <testcase classname="OrganizationModule.OrgScenariosTest" name="createNewOrgTest" time="19.672"/>
  <testcase classname="OrganizationModule.OrgScenariosTest" name="creteOrg_Phno_Test" time="31.262"/>
</testsuite> <!-- Default test -->
