<?xml version="1.0" encoding="UTF-8"?>
<!-- Generated by org.testng.reporters.JUnitXMLReporter -->
<testsuite ignored="0" hostname="DESKTOP-D7T8H25" failures="0" tests="6" name="Test_chrome" time="155.288" errors="0" timestamp="2025-07-22T17:24:10 IST">
  <testcase classname="ContactsModule.ContactScenariosTest" name="ContactWithSupportDate" time="22.838"/>
  <testcase classname="ContactsModule.ContactScenariosTest" name="CreateNewContTest" time="21.43"/>
  <testcase classname="ContactsModule.ContactScenariosTest" name="Create_Orgwith_Cont" time="35.778"/>
  <testcase classname="OrganizationModule.OrgScenariosTest" name="CreateOrg_IndType" time="25.716"/>
  <testcase classname="OrganizationModule.OrgScenariosTest" name="createNewOrgTest" time="22.988"/>
  <testcase classname="OrganizationModule.OrgScenariosTest" name="creteOrg_Phno_Test" time="26.464"/>
</testsuite> <!-- Test_chrome -->
