<?xml version="1.0" encoding="UTF-8"?>
<!-- Generated by org.testng.reporters.JUnitXMLReporter -->
<testsuite ignored="4" hostname="DESKTOP-D7T8H25" failures="0" tests="9" name="Test" time="317.533" errors="0" timestamp="2025-07-30T17:53:21 IST">
  <testcase classname="OrganizationModule.cretaeOrg_PhnoTest" name="creteOrg_Phno_Test" time="34.028"/>
  <testcase classname="ContactsModule.ContactScenariosTest" name="ContactWithSupportDate" time="17.753"/>
  <testcase classname="ContactsModule.ContactScenariosTest" name="CreateNewContTest" time="22.791"/>
  <testcase classname="ContactsModule.ContactScenariosTest" name="Create_Orgwith_Cont" time="49.07"/>
  <testcase classname="OrganizationModule.CreateOrgWith_Ind_Type" name="CreateOrg_IndType" time="36.691"/>
  <testcase classname="OrganizationModule.OrgScenariosTest" name="CreateOrg_IndType" time="27.719"/>
  <testcase classname="OrganizationModule.OrgScenariosTest" name="createNewOrgTest" time="21.038"/>
  <testcase classname="OrganizationModule.OrgScenariosTest" name="creteOrg_Phno_Test" time="22.832"/>
  <testcase classname="OrganizationModule.CreateOrgTest" name="createNewOrgTest" time="31.869"/>
  <testcase classname="Base_Class_Utility.Baseclass" name="@BeforeSuite getConnectionToDB" time="0.0">
    <ignored/>
  </testcase> <!-- @BeforeSuite getConnectionToDB -->
  <testcase classname="Base_Class_Utility.Baseclass" name="@BeforeTest conParallelExe" time="0.0">
    <ignored/>
  </testcase> <!-- @BeforeTest conParallelExe -->
  <testcase classname="Base_Class_Utility.Baseclass" name="@AfterSuite closeConnectionwithDB" time="0.0">
    <ignored/>
  </testcase> <!-- @AfterSuite closeConnectionwithDB -->
  <testcase classname="Base_Class_Utility.Baseclass" name="@AfterTest closeParallelExe" time="0.0">
    <ignored/>
  </testcase> <!-- @AfterTest closeParallelExe -->
</testsuite> <!-- Test -->
