<?xml version="1.0" encoding="UTF-8"?>
<!-- Generated by org.testng.reporters.JUnitXMLReporter -->
<testsuite ignored="0" hostname="DESKTOP-D7T8H25" failures="0" tests="6" name="Test_Edge" time="157.186" errors="0" timestamp="2025-07-22T17:24:12 IST">
  <testcase classname="ContactsModule.ContactScenariosTest" name="ContactWithSupportDate" time="23.026"/>
  <testcase classname="ContactsModule.ContactScenariosTest" name="CreateNewContTest" time="21.867"/>
  <testcase classname="ContactsModule.ContactScenariosTest" name="Create_Orgwith_Cont" time="37.124"/>
  <testcase classname="OrganizationModule.OrgScenariosTest" name="CreateOrg_IndType" time="24.926"/>
  <testcase classname="OrganizationModule.OrgScenariosTest" name="createNewOrgTest" time="24.156"/>
  <testcase classname="OrganizationModule.OrgScenariosTest" name="creteOrg_Phno_Test" time="26.011"/>
</testsuite> <!-- Test_Edge -->
