<?xml version="1.0" encoding="UTF-8"?>
<testng-results ignored="0" total="1" passed="1" failed="0" skipped="0">
  <reporter-output>
    <line>
      <![CDATA[Suite Execution started - Configure the Reports]]>
    </line>
    <line>
      <![CDATA[Configure parallel execution]]>
    </line>
    <line>
      <![CDATA[Create_Orgwith_Cont Test Execution started]]>
    </line>
    <line>
      <![CDATA[Create_Orgwith_Cont Test Execution Success]]>
    </line>
    <line>
      <![CDATA[Close the Configuring parallel execution]]>
    </line>
  </reporter-output>
  <suite started-at="2025-08-01T15:17:52 IST" name="Default suite" finished-at="2025-08-01T15:18:47 IST" duration-ms="55174">
    <groups>
      <group name="reg">
        <method signature="ContactScenariosTest.Create_Orgwith_Cont()[pri:0, instance:ContactsModule.ContactScenariosTest@58a9760d]" name="Create_Orgwith_Cont" class="ContactsModule.ContactScenariosTest"/>
      </group> <!-- reg -->
    </groups>
    <test started-at="2025-08-01T15:17:52 IST" name="Default test" finished-at="2025-08-01T15:18:47 IST" duration-ms="55174">
      <class name="ContactsModule.ContactScenariosTest">
        <test-method is-config="true" signature="getConnectionToDB()[pri:0, instance:ContactsModule.ContactScenariosTest@58a9760d]" started-at="2025-08-01T15:17:52 IST" name="getConnectionToDB" finished-at="2025-08-01T15:17:52 IST" duration-ms="522" status="PASS">
          <reporter-output>
          </reporter-output>
        </test-method> <!-- getConnectionToDB -->
        <test-method is-config="true" signature="conParallelExe()[pri:0, instance:ContactsModule.ContactScenariosTest@58a9760d]" started-at="2025-08-01T15:17:52 IST" name="conParallelExe" finished-at="2025-08-01T15:17:52 IST" duration-ms="2" status="PASS">
          <reporter-output>
            <line>
              <![CDATA[Configure parallel execution]]>
            </line>
          </reporter-output>
        </test-method> <!-- conParallelExe -->
        <test-method is-config="true" signature="launchTheBrowser()[pri:0, instance:ContactsModule.ContactScenariosTest@58a9760d]" started-at="2025-08-01T15:17:52 IST" name="launchTheBrowser" finished-at="2025-08-01T15:17:54 IST" duration-ms="1730" status="PASS">
          <reporter-output>
          </reporter-output>
        </test-method> <!-- launchTheBrowser -->
        <test-method is-config="true" signature="login()[pri:0, instance:ContactsModule.ContactScenariosTest@58a9760d]" started-at="2025-08-01T15:17:54 IST" name="login" finished-at="2025-08-01T15:18:00 IST" duration-ms="6284" status="PASS">
          <reporter-output>
          </reporter-output>
        </test-method> <!-- login -->
        <test-method signature="Create_Orgwith_Cont()[pri:0, instance:ContactsModule.ContactScenariosTest@58a9760d]" started-at="2025-08-01T15:18:00 IST" name="Create_Orgwith_Cont" finished-at="2025-08-01T15:18:46 IST" duration-ms="45445" status="PASS">
          <reporter-output>
            <line>
              <![CDATA[Create_Orgwith_Cont Test Execution started]]>
            </line>
            <line>
              <![CDATA[Create_Orgwith_Cont Test Execution Success]]>
            </line>
          </reporter-output>
        </test-method> <!-- Create_Orgwith_Cont -->
        <test-method is-config="true" signature="logout()[pri:0, instance:ContactsModule.ContactScenariosTest@58a9760d]" started-at="2025-08-01T15:18:46 IST" name="logout" finished-at="2025-08-01T15:18:47 IST" duration-ms="1409" status="PASS">
          <reporter-output>
          </reporter-output>
        </test-method> <!-- logout -->
        <test-method is-config="true" signature="closeTheBrowser()[pri:0, instance:ContactsModule.ContactScenariosTest@58a9760d]" started-at="2025-08-01T15:18:47 IST" name="closeTheBrowser" finished-at="2025-08-01T15:18:47 IST" duration-ms="236" status="PASS">
          <reporter-output>
          </reporter-output>
        </test-method> <!-- closeTheBrowser -->
        <test-method is-config="true" signature="closeParallelExe()[pri:0, instance:ContactsModule.ContactScenariosTest@58a9760d]" started-at="2025-08-01T15:18:47 IST" name="closeParallelExe" finished-at="2025-08-01T15:18:47 IST" duration-ms="1" status="PASS">
          <reporter-output>
            <line>
              <![CDATA[Close the Configuring parallel execution]]>
            </line>
          </reporter-output>
        </test-method> <!-- closeParallelExe -->
        <test-method is-config="true" signature="closeConnectionwithDB()[pri:0, instance:ContactsModule.ContactScenariosTest@58a9760d]" started-at="2025-08-01T15:18:47 IST" name="closeConnectionwithDB" finished-at="2025-08-01T15:18:47 IST" duration-ms="3" status="PASS">
          <reporter-output>
          </reporter-output>
        </test-method> <!-- closeConnectionwithDB -->
      </class> <!-- ContactsModule.ContactScenariosTest -->
    </test> <!-- Default test -->
  </suite> <!-- Default suite -->
</testng-results>
